# JRE version: Java(TM) SE Runtime Environment (8.0_92-b14) (build 1.8.0_92-b14)
# Java VM: Java HotSpot(TM) Client VM (25.92-b14 mixed mode windows-x86 )
Heap:
 def new generation   total 108480K, used 49234K [0x04c00000, 0x0c1b0000, 0x1a150000)
  eden space 96448K,  46% used [0x04c00000, 0x0783f7d8, 0x0aa30000)
  from space 12032K,  32% used [0x0aa30000, 0x0ae05220, 0x0b5f0000)
  to   space 12032K,   0% used [0x0b5f0000, 0x0b5f0000, 0x0c1b0000)
 tenured generation   total 240856K, used 167783K [0x1a150000, 0x28c86000, 0x44c00000)
   the space 240856K,  69% used [0x1a150000, 0x24529da8, 0x24529e00, 0x28c86000)
 Metaspace       used 34552K, capacity 36337K, committed 36480K, reserved 37248K
GC Heap History (10 events):
Event: 36120.225 GC heap before
{Heap before GC invocations=103 (full 4):
 def new generation   total 108480K, used 98313K [0x04c00000, 0x0c1b0000, 0x1a150000)
  eden space 96448K, 100% used [0x04c00000, 0x0aa30000, 0x0aa30000)
  from space 12032K,  15% used [0x0b5f0000, 0x0b7c27f8, 0x0c1b0000)
  to   space 12032K,   0% used [0x0aa30000, 0x0aa30000, 0x0b5f0000)
 tenured generation   total 240856K, used 167177K [0x1a150000, 0x28c86000, 0x44c00000)
   the space 240856K,  69% used [0x1a150000, 0x24492690, 0x24492800, 0x28c86000)
 Metaspace       used 33995K, capacity 35812K, committed 35968K, reserved 36224K
Event: 36120.291 GC heap after
Heap after GC invocations=104 (full 4):
 def new generation   total 108480K, used 1780K [0x04c00000, 0x0c1b0000, 0x1a150000)
  eden space 96448K,   0% used [0x04c00000, 0x04c00000, 0x0aa30000)
  from space 12032K,  14% used [0x0aa30000, 0x0abed098, 0x0b5f0000)
  to   space 12032K,   0% used [0x0b5f0000, 0x0b5f0000, 0x0c1b0000)
 tenured generation   total 240856K, used 167525K [0x1a150000, 0x28c86000, 0x44c00000)
   the space 240856K,  69% used [0x1a150000, 0x244e9778, 0x244e9800, 0x28c86000)
 Metaspace       used 33995K, capacity 35812K, committed 35968K, reserved 36224K
}
Event: 36171.697 GC heap before
{Heap before GC invocations=104 (full 4):
 def new generation   total 108480K, used 98228K [0x04c00000, 0x0c1b0000, 0x1a150000)
  eden space 96448K, 100% used [0x04c00000, 0x0aa30000, 0x0aa30000)
  from space 12032K,  14% used [0x0aa30000, 0x0abed098, 0x0b5f0000)
  to   space 12032K,   0% used [0x0b5f0000, 0x0b5f0000, 0x0c1b0000)
 tenured generation   total 240856K, used 167525K [0x1a150000, 0x28c86000, 0x44c00000)
   the space 240856K,  69% used [0x1a150000, 0x244e9778, 0x244e9800, 0x28c86000)
 Metaspace       used 33995K, capacity 35812K, committed 35968K, reserved 36224K
Event: 36171.705 GC heap after
Heap after GC invocations=105 (full 4):
 def new generation   total 108480K, used 1650K [0x04c00000, 0x0c1b0000, 0x1a150000)
  eden space 96448K,   0% used [0x04c00000, 0x04c00000, 0x0aa30000)
  from space 12032K,  13% used [0x0b5f0000, 0x0b78c960, 0x0c1b0000)
  to   space 12032K,   0% used [0x0aa30000, 0x0aa30000, 0x0b5f0000)
 tenured generation   total 240856K, used 167593K [0x1a150000, 0x28c86000, 0x44c00000)
   the space 240856K,  69% used [0x1a150000, 0x244fa778, 0x244fa800, 0x28c86000)
 Metaspace       used 33995K, capacity 35812K, committed 35968K, reserved 36224K
}
Event: 39236.484 GC heap before
{Heap before GC invocations=105 (full 4):
 def new generation   total 108480K, used 97098K [0x04c00000, 0x0c1b0000, 0x1a150000)
  eden space 96448K,  98% used [0x04c00000, 0x0a935fd8, 0x0aa30000)
  from space 12032K,  13% used [0x0b5f0000, 0x0b78c960, 0x0c1b0000)
  to   space 12032K,   0% used [0x0aa30000, 0x0aa30000, 0x0b5f0000)
 tenured generation   total 240856K, used 167593K [0x1a150000, 0x28c86000, 0x44c00000)
   the space 240856K,  69% used [0x1a150000, 0x244fa778, 0x244fa800, 0x28c86000)
 Metaspace       used 34323K, capacity 36170K, committed 36224K, reserved 36224K
Event: 39236.533 GC heap after
Heap after GC invocations=106 (full 4):
 def new generation   total 108480K, used 5648K [0x04c00000, 0x0c1b0000, 0x1a150000)
  eden space 96448K,   0% used [0x04c00000, 0x04c00000, 0x0aa30000)
  from space 12032K,  46% used [0x0aa30000, 0x0afb4390, 0x0b5f0000)
  to   space 12032K,   0% used [0x0b5f0000, 0x0b5f0000, 0x0c1b0000)
 tenured generation   total 240856K, used 167621K [0x1a150000, 0x28c86000, 0x44c00000)
   the space 240856K,  69% used [0x1a150000, 0x24501730, 0x24501800, 0x28c86000)
 Metaspace       used 34323K, capacity 36170K, committed 36224K, reserved 36224K
}
Event: 39237.120 GC heap before
{Heap before GC invocations=106 (full 4):
 def new generation   total 108480K, used 101367K [0x04c00000, 0x0c1b0000, 0x1a150000)
  eden space 96448K,  99% used [0x04c00000, 0x0a979c58, 0x0aa30000)
  from space 12032K,  46% used [0x0aa30000, 0x0afb4390, 0x0b5f0000)
  to   space 12032K,   0% used [0x0b5f0000, 0x0b5f0000, 0x0c1b0000)
 tenured generation   total 240856K, used 167621K [0x1a150000, 0x28c86000, 0x44c00000)
   the space 240856K,  69% used [0x1a150000, 0x24501730, 0x24501800, 0x28c86000)
 Metaspace       used 34327K, capacity 36175K, committed 36224K, reserved 36224K
Event: 39237.131 GC heap after
Heap after GC invocations=107 (full 4):
 def new generation   total 108480K, used 1985K [0x04c00000, 0x0c1b0000, 0x1a150000)
  eden space 96448K,   0% used [0x04c00000, 0x04c00000, 0x0aa30000)
  from space 12032K,  16% used [0x0b5f0000, 0x0b7e05e0, 0x0c1b0000)
  to   space 12032K,   0% used [0x0aa30000, 0x0aa30000, 0x0b5f0000)
 tenured generation   total 240856K, used 167779K [0x1a150000, 0x28c86000, 0x44c00000)
   the space 240856K,  69% used [0x1a150000, 0x24528cb8, 0x24528e00, 0x28c86000)
 Metaspace       used 34327K, capacity 36175K, committed 36224K, reserved 36224K
}
Event: 39242.004 GC heap before
{Heap before GC invocations=107 (full 4):
 def new generation   total 108480K, used 97825K [0x04c00000, 0x0c1b0000, 0x1a150000)
  eden space 96448K,  99% used [0x04c00000, 0x0a9981d8, 0x0aa30000)
  from space 12032K,  16% used [0x0b5f0000, 0x0b7e05e0, 0x0c1b0000)
  to   space 12032K,   0% used [0x0aa30000, 0x0aa30000, 0x0b5f0000)
 tenured generation   total 240856K, used 167779K [0x1a150000, 0x28c86000, 0x44c00000)
   the space 240856K,  69% used [0x1a150000, 0x24528cb8, 0x24528e00, 0x28c86000)
 Metaspace       used 34467K, capacity 36273K, committed 36352K, reserved 37248K
Event: 39242.020 GC heap after
Heap after GC invocations=108 (full 4):
 def new generation   total 108480K, used 3924K [0x04c00000, 0x0c1b0000, 0x1a150000)
  eden space 96448K,   0% used [0x04c00000, 0x04c00000, 0x0aa30000)
  from space 12032K,  32% used [0x0aa30000, 0x0ae05220, 0x0b5f0000)
  to   space 12032K,   0% used [0x0b5f0000, 0x0b5f0000, 0x0c1b0000)
 tenured generation   total 240856K, used 167783K [0x1a150000, 0x28c86000, 0x44c00000)
   the space 240856K,  69% used [0x1a150000, 0x24529da8, 0x24529e00, 0x28c86000)
 Metaspace       used 34467K, capacity 36273K, committed 36352K, reserved 37248K
}

